生成启动时间为 2018/5/5 11:12:26。
     1>项目“D:\Lydia\资环6班\大三下\地图代数\实习\1\MapAlgebra-1\MapAlgebra-1\MapAlgebra-1.vcxproj”在节点 2 上(build 个目标)。
     1>InitializeBuildStatus:
         正在对“x64\Debug\MapAlgebra-1.unsuccessfulbuild”执行 Touch 任务。
       ClCompile:
         所有输出均为最新。
         c:\Program Files (x86)\Microsoft Visual Studio 10.0\VC\bin\x86_amd64\CL.exe /c /Zi /nologo /W3 /WX- /Od /D _DEBUG /D _CONSOLE /D _UNICODE /D UNICODE /Gm /EHsc /RTC1 /MDd /GS /fp:precise /Zc:wchar_t /Zc:forScope /Yu"StdAfx.h" /Fp"x64\Debug\MapAlgebra-1.pch" /Fo"x64\Debug\\" /Fd"x64\Debug\vc100.pdb" /Gd /TP /errorReport:prompt BMPBasics.cpp
         BMPBasics.cpp
     1>BMPBasics.cpp(44): warning C4996: 'fopen': This function or variable may be unsafe. Consider using fopen_s instead. To disable deprecation, use _CRT_SECURE_NO_WARNINGS. See online help for details.
                 c:\Program Files (x86)\Microsoft Visual Studio 10.0\VC\include\stdio.h(234) : 参见“fopen”的声明
     1>BMPBasics.cpp(73): warning C4996: 'fopen': This function or variable may be unsafe. Consider using fopen_s instead. To disable deprecation, use _CRT_SECURE_NO_WARNINGS. See online help for details.
                 c:\Program Files (x86)\Microsoft Visual Studio 10.0\VC\include\stdio.h(234) : 参见“fopen”的声明
     1>BMPBasics.cpp(103): warning C4996: 'fopen': This function or variable may be unsafe. Consider using fopen_s instead. To disable deprecation, use _CRT_SECURE_NO_WARNINGS. See online help for details.
                 c:\Program Files (x86)\Microsoft Visual Studio 10.0\VC\include\stdio.h(234) : 参见“fopen”的声明
     1>BMPBasics.cpp(117): warning C4996: 'fopen': This function or variable may be unsafe. Consider using fopen_s instead. To disable deprecation, use _CRT_SECURE_NO_WARNINGS. See online help for details.
                 c:\Program Files (x86)\Microsoft Visual Studio 10.0\VC\include\stdio.h(234) : 参见“fopen”的声明
     1>BMPBasics.cpp(158): warning C4996: 'fopen': This function or variable may be unsafe. Consider using fopen_s instead. To disable deprecation, use _CRT_SECURE_NO_WARNINGS. See online help for details.
                 c:\Program Files (x86)\Microsoft Visual Studio 10.0\VC\include\stdio.h(234) : 参见“fopen”的声明
     1>BMPBasics.cpp(193): warning C4996: 'fopen': This function or variable may be unsafe. Consider using fopen_s instead. To disable deprecation, use _CRT_SECURE_NO_WARNINGS. See online help for details.
                 c:\Program Files (x86)\Microsoft Visual Studio 10.0\VC\include\stdio.h(234) : 参见“fopen”的声明
     1>BMPBasics.cpp(245): warning C4996: 'fopen': This function or variable may be unsafe. Consider using fopen_s instead. To disable deprecation, use _CRT_SECURE_NO_WARNINGS. See online help for details.
                 c:\Program Files (x86)\Microsoft Visual Studio 10.0\VC\include\stdio.h(234) : 参见“fopen”的声明
       ResourceCompile:
         所有输出均为最新。
       ManifestResourceCompile:
         所有输出均为最新。
       Link:
         c:\Program Files (x86)\Microsoft Visual Studio 10.0\VC\bin\x86_amd64\link.exe /ERRORREPORT:PROMPT /OUT:"D:\Lydia\资环6班\大三下\地图代数\实习\1\MapAlgebra-1\x64\Debug\MapAlgebra-1.exe" /INCREMENTAL /NOLOGO kernel32.lib user32.lib gdi32.lib winspool.lib comdlg32.lib advapi32.lib shell32.lib ole32.lib oleaut32.lib uuid.lib odbc32.lib odbccp32.lib /MANIFEST /ManifestFile:"x64\Debug\MapAlgebra-1.exe.intermediate.manifest" /MANIFESTUAC:"level='asInvoker' uiAccess='false'" /DEBUG /PDB:"D:\Lydia\资环6班\大三下\地图代数\实习\1\MapAlgebra-1\x64\Debug\MapAlgebra-1.pdb" /SUBSYSTEM:CONSOLE /TLBID:1 /DYNAMICBASE /NXCOMPAT /IMPLIB:"D:\Lydia\资环6班\大三下\地图代数\实习\1\MapAlgebra-1\x64\Debug\MapAlgebra-1.lib" /MACHINE:X64 "x64\Debug\MapAlgebra-1.res"
         "x64\Debug\MapAlgebra-1.exe.embed.manifest.res"
         x64\Debug\BMPBasics.obj
         "x64\Debug\MapAlgebra-1.obj"
         x64\Debug\stdafx.obj
         MapAlgebra-1.vcxproj -> D:\Lydia\资环6班\大三下\地图代数\实习\1\MapAlgebra-1\x64\Debug\MapAlgebra-1.exe
       Manifest:
         C:\Program Files (x86)\Microsoft SDKs\Windows\v7.0A\bin\mt.exe /nologo /verbose /out:"x64\Debug\MapAlgebra-1.exe.embed.manifest" /manifest "x64\Debug\MapAlgebra-1.exe.intermediate.manifest"
         所有输出均为最新。
       LinkEmbedManifest:
         所有输出均为最新。
         MapAlgebra-1.vcxproj -> D:\Lydia\资环6班\大三下\地图代数\实习\1\MapAlgebra-1\x64\Debug\MapAlgebra-1.exe
       FinalizeBuildStatus:
         正在删除文件“x64\Debug\MapAlgebra-1.unsuccessfulbuild”。
         正在对“x64\Debug\MapAlgebra-1.lastbuildstate”执行 Touch 任务。
     1>已完成生成项目“D:\Lydia\资环6班\大三下\地图代数\实习\1\MapAlgebra-1\MapAlgebra-1\MapAlgebra-1.vcxproj”(build 个目标)的操作。

生成成功。

已用时间 00:00:01.61
